

Starting Toontown...
Current time: Tue Dec 22 18:55:49 2015 Pacific Standard Time
sys.path =  ['', 'C:\\Panda3D-1.9.0\\python\\python27.zip', 'C:\\Panda3D-1.9.0\\python\\DLLs', 'C:\\Panda3D-1.9.0\\python\\lib', 'C:\\Panda3D-1.9.0\\python\\lib\\plat-win', 'C:\\Panda3D-1.9.0\\python\\lib\\lib-tk', 'C:\\Panda3D-1.9.0\\python', 'C:\\Panda3D-1.9.0', 'C:\\Panda3D-1.9.0\\bin', 'C:\\Panda3D-1.9.0\\python\\lib\\site-packages']
sys.argv =  ['C:\\Users\\Keithy\\Desktop\\Possible-Toontown-Online-Source-master\\toontown\\toonbase\\ToontownStart.py']
TTLocalizer: Running in language: english
from toontown.toonbase.TTLocalizerEnglish import *
OTPLocalizer: Running in language: english
from otp.otpbase.OTPLocalizerEnglish import *
ToontownStart: Polling for game2 to finish...
ToontownStart: Game2 is finished.
ToontownStart: Starting the game.
ToontownStart: setting default font
ToontownStart: Loading default gui sounds
ToontownStart: serverVersion:  sv-1.0.0
TTAccount: accountServer from launcher:  
TTAccount: default accountServer:  https://toontown.go.com
Traceback (most recent call last):
  File "C:\Panda3D-1.9.0\python\lib\runpy.py", line 162, in _run_module_as_main
    "__main__", fname, loader, pkg_name)
  File "C:\Panda3D-1.9.0\python\lib\runpy.py", line 72, in _run_code
    exec code in run_globals
  File "C:\Users\Keithy\Desktop\Possible-Toontown-Online-Source-master\toontown\toonbase\ToontownStart.py", line 100, in <module>
    base.startShow(cr)
  File "toontown\toonbase\ToonBase.py", line 375, in startShow
    self.ttAccess.initModuleInfo()
  File "toontown\toonbase\ToontownAccess.py", line 12, in initModuleInfo
    self.startupModules = self.getModuleList()
  File "toontown\toonbase\ToontownAccess.py", line 31, in getModuleList
    moduleString = listProcessModules()
NameError: global name 'listProcessModules' is not defined
