

Starting Toontown...
Current time: Tue Dec 22 18:49:57 2015 Pacific Standard Time
sys.path =  ['', 'C:\\Panda3D-1.9.0\\python\\python27.zip', 'C:\\Panda3D-1.9.0\\python\\DLLs', 'C:\\Panda3D-1.9.0\\python\\lib', 'C:\\Panda3D-1.9.0\\python\\lib\\plat-win', 'C:\\Panda3D-1.9.0\\python\\lib\\lib-tk', 'C:\\Panda3D-1.9.0\\python', 'C:\\Panda3D-1.9.0', 'C:\\Panda3D-1.9.0\\bin', 'C:\\Panda3D-1.9.0\\python\\lib\\site-packages']
sys.argv =  ['C:\\Users\\Keithy\\Desktop\\Possible-Toontown-Online-Source-master\\toontown\\toonbase\\ToontownStart.py']
TTLocalizer: Running in language: english
from toontown.toonbase.TTLocalizerEnglish import *
OTPLocalizer: Running in language: english
from otp.otpbase.OTPLocalizerEnglish import *
ToontownStart: Polling for game2 to finish...
ToontownStart: Game2 is finished.
ToontownStart: Starting the game.
ToontownStart: setting default font
ToontownStart: Loading default gui sounds
ToontownStart: serverVersion:  sv-1.0.0
TTAccount: accountServer from launcher:  
TTAccount: default accountServer:  https://toontown.go.com
Traceback (most recent call last):
  File "C:\Panda3D-1.9.0\python\lib\runpy.py", line 162, in _run_module_as_main
    "__main__", fname, loader, pkg_name)
  File "C:\Panda3D-1.9.0\python\lib\runpy.py", line 72, in _run_code
    exec code in run_globals
  File "C:\Users\Keithy\Desktop\Possible-Toontown-Online-Source-master\toontown\toonbase\ToontownStart.py", line 87, in <module>
    from toontown.distributed import ToontownClientRepository
  File "toontown\distributed\ToontownClientRepository.py", line 49, in <module>
    from toontown.makeatoon import MakeAToon
  File "toontown\makeatoon\MakeAToon.py", line 6, in <module>
    from toontown.toon import LocalToon
  File "toontown\toon\LocalToon.py", line 35, in <module>
    from toontown.shtiker import EventsPage
  File "toontown\shtiker\EventsPage.py", line 13, in <module>
    from toontown.parties.CalendarGuiMonth import CalendarGuiMonth
  File "toontown\parties\CalendarGuiMonth.py", line 7, in <module>
    from toontown.parties.CalendarGuiDay import CalendarGuiDay
  File "toontown\parties\CalendarGuiDay.py", line 11, in <module>
    from toontown.ai.NewsManager import NewsManager
  File "toontown\ai\NewsManager.py", line 8, in <module>
    import HolidayDecorator
  File "toontown\ai\HolidayDecorator.py", line 3, in <module>
    from pandac.PandaModules import Vec4, loadDNAFile, CSDefault, TransformState, NodePath, TransparencyAttrib
ImportError: cannot import name loadDNAFile
