

Starting Toontown...
Current time: Tue Dec 22 18:41:03 2015 Pacific Standard Time
sys.path =  ['', 'C:\\Panda3D-1.9.0\\python\\python27.zip', 'C:\\Panda3D-1.9.0\\python\\DLLs', 'C:\\Panda3D-1.9.0\\python\\lib', 'C:\\Panda3D-1.9.0\\python\\lib\\plat-win', 'C:\\Panda3D-1.9.0\\python\\lib\\lib-tk', 'C:\\Panda3D-1.9.0\\python', 'C:\\Panda3D-1.9.0', 'C:\\Panda3D-1.9.0\\bin', 'C:\\Panda3D-1.9.0\\python\\lib\\site-packages']
sys.argv =  ['C:\\Users\\Keithy\\Desktop\\Possible-Toontown-Online-Source-master\\toontown\\toonbase\\ToontownStart.py']
TTLocalizer: Running in language: english
from toontown.toonbase.TTLocalizerEnglish import *
Traceback (most recent call last):
  File "C:\Panda3D-1.9.0\python\lib\runpy.py", line 162, in _run_module_as_main
    "__main__", fname, loader, pkg_name)
  File "C:\Panda3D-1.9.0\python\lib\runpy.py", line 72, in _run_code
    exec code in run_globals
  File "C:\Users\Keithy\Desktop\Possible-Toontown-Online-Source-master\toontown\toonbase\ToontownStart.py", line 17, in <module>
    from toontown.launcher.ToontownDummyLauncher import ToontownDummyLauncher
  File "toontown\launcher\ToontownDummyLauncher.py", line 3, in <module>
    from toontown.launcher.ToontownLauncher import ToontownLauncher
  File "toontown\launcher\ToontownLauncher.py", line 44, in <module>
    from toontown.toonbase import TTLocalizer
  File "toontown\toonbase\TTLocalizer.py", line 23, in <module>
    from toontown.toonbase.TTLocalizerEnglish import *
  File "toontown\toonbase\TTLocalizerEnglish.py", line 3, in <module>
    from otp.otpbase import OTPLocalizer as OL
  File "otp\otpbase\OTPLocalizer.py", line 1, in <module>
    from pandac.libpandaexpressModules import *
ImportError: No module named libpandaexpressModules
