

Starting Toontown...
Current time: Tue Dec 22 19:00:29 2015 Pacific Standard Time
sys.path =  ['', 'C:\\Panda3D-1.9.0\\python\\python27.zip', 'C:\\Panda3D-1.9.0\\python\\DLLs', 'C:\\Panda3D-1.9.0\\python\\lib', 'C:\\Panda3D-1.9.0\\python\\lib\\plat-win', 'C:\\Panda3D-1.9.0\\python\\lib\\lib-tk', 'C:\\Panda3D-1.9.0\\python', 'C:\\Panda3D-1.9.0', 'C:\\Panda3D-1.9.0\\bin', 'C:\\Panda3D-1.9.0\\python\\lib\\site-packages']
sys.argv =  ['C:\\Users\\Keithy\\Desktop\\Possible-Toontown-Online-Source-master\\toontown\\toonbase\\ToontownStart.py']
TTLocalizer: Running in language: english
from toontown.toonbase.TTLocalizerEnglish import *
OTPLocalizer: Running in language: english
from otp.otpbase.OTPLocalizerEnglish import *
ToontownStart: Polling for game2 to finish...
ToontownStart: Game2 is finished.
ToontownStart: Starting the game.
ToontownStart: setting default font
ToontownStart: Loading default gui sounds
ToontownStart: serverVersion:  sv-1.0.0
TTAccount: accountServer from launcher:  
TTAccount: default accountServer:  https://toontown.go.com
Traceback (most recent call last):
  File "C:\Panda3D-1.9.0\direct\showbase\EventManager.py", line 61, in eventLoopTask
    self.doEvents()
  File "C:\Panda3D-1.9.0\direct\showbase\EventManager.py", line 55, in doEvents
    processFunc(self.eventQueue.dequeueEvent())
  File "C:\Panda3D-1.9.0\direct\showbase\EventManager.py", line 122, in processEvent
    messenger.send(eventName, paramList)
  File "C:\Panda3D-1.9.0\direct\showbase\Messenger.py", line 397, in send
    self.__dispatch(acceptorDict, event, sentArgs, foundWatch)
  File "C:\Panda3D-1.9.0\direct\showbase\Messenger.py", line 482, in __dispatch
    method (*(extraArgs + sentArgs))
  File "toontown\toonbase\ToonBase.py", line 156, in windowEvent
    OTPBase.OTPBase.windowEvent(self, win)
  File "C:\Panda3D-1.9.0\direct\showbase\ShowBase.py", line 2623, in windowEvent
    self.userExit()
  File "toontown\toonbase\ToonBase.py", line 422, in userExit
    self.ignore(ToontownGlobals.QuitGameHotKeyOSX)
AttributeError: 'module' object has no attribute 'QuitGameHotKeyOSX'
toontown.toonbase.ToonBase:422, direct.showbase.ShowBase:2623, toontown.toonbase.ToonBase:156, direct.showbase.Messenger:484, AttributeError: 'module' object has no attribute 'QuitGameHotKeyOSX'
Traceback (most recent call last):
  File "C:\Panda3D-1.9.0\python\lib\runpy.py", line 162, in _run_module_as_main
    "__main__", fname, loader, pkg_name)
  File "C:\Panda3D-1.9.0\python\lib\runpy.py", line 72, in _run_code
    exec code in run_globals
  File "C:\Users\Keithy\Desktop\Possible-Toontown-Online-Source-master\toontown\toonbase\ToontownStart.py", line 113, in <module>
    run()
  File "C:\Panda3D-1.9.0\direct\showbase\ShowBase.py", line 2932, in run
    self.taskMgr.run()
  File "C:\Panda3D-1.9.0\direct\task\Task.py", line 502, in run
    self.step()
  File "C:\Panda3D-1.9.0\direct\task\Task.py", line 460, in step
    self.mgr.poll()
  File "C:\Panda3D-1.9.0\direct\showbase\EventManager.py", line 61, in eventLoopTask
    self.doEvents()
  File "C:\Panda3D-1.9.0\direct\showbase\EventManager.py", line 55, in doEvents
    processFunc(self.eventQueue.dequeueEvent())
  File "C:\Panda3D-1.9.0\direct\showbase\EventManager.py", line 122, in processEvent
    messenger.send(eventName, paramList)
  File "C:\Panda3D-1.9.0\direct\showbase\Messenger.py", line 397, in send
    self.__dispatch(acceptorDict, event, sentArgs, foundWatch)
  File "C:\Panda3D-1.9.0\direct\showbase\Messenger.py", line 482, in __dispatch
    method (*(extraArgs + sentArgs))
  File "toontown\toonbase\ToonBase.py", line 156, in windowEvent
    OTPBase.OTPBase.windowEvent(self, win)
  File "C:\Panda3D-1.9.0\direct\showbase\ShowBase.py", line 2623, in windowEvent
    self.userExit()
  File "toontown\toonbase\ToonBase.py", line 422, in userExit
    self.ignore(ToontownGlobals.QuitGameHotKeyOSX)
AttributeError: 'module' object has no attribute 'QuitGameHotKeyOSX'
