

Starting Toontown...
Current time: Tue Dec 22 18:52:02 2015 Pacific Standard Time
sys.path =  ['', 'C:\\Panda3D-1.9.0\\python\\python27.zip', 'C:\\Panda3D-1.9.0\\python\\DLLs', 'C:\\Panda3D-1.9.0\\python\\lib', 'C:\\Panda3D-1.9.0\\python\\lib\\plat-win', 'C:\\Panda3D-1.9.0\\python\\lib\\lib-tk', 'C:\\Panda3D-1.9.0\\python', 'C:\\Panda3D-1.9.0', 'C:\\Panda3D-1.9.0\\bin', 'C:\\Panda3D-1.9.0\\python\\lib\\site-packages']
sys.argv =  ['C:\\Users\\Keithy\\Desktop\\Possible-Toontown-Online-Source-master\\toontown\\toonbase\\ToontownStart.py']
TTLocalizer: Running in language: english
from toontown.toonbase.TTLocalizerEnglish import *
OTPLocalizer: Running in language: english
from otp.otpbase.OTPLocalizerEnglish import *
ToontownStart: Polling for game2 to finish...
ToontownStart: Game2 is finished.
ToontownStart: Starting the game.
ToontownStart: setting default font
ToontownStart: Loading default gui sounds
ToontownStart: serverVersion:  sv-1.0.0
TTAccount: accountServer from launcher:  
TTAccount: default accountServer:  https://toontown.go.com
Traceback (most recent call last):
  File "C:\Panda3D-1.9.0\python\lib\runpy.py", line 162, in _run_module_as_main
    "__main__", fname, loader, pkg_name)
  File "C:\Panda3D-1.9.0\python\lib\runpy.py", line 72, in _run_code
    exec code in run_globals
  File "C:\Users\Keithy\Desktop\Possible-Toontown-Online-Source-master\toontown\toonbase\ToontownStart.py", line 87, in <module>
    from toontown.distributed import ToontownClientRepository
  File "toontown\distributed\ToontownClientRepository.py", line 61, in <module>
    import PlayGame
  File "toontown\distributed\PlayGame.py", line 19, in <module>
    from toontown.hood import SellbotHQ, CashbotHQ, LawbotHQ, BossbotHQ
  File "toontown\hood\CashbotHQ.py", line 6, in <module>
    from toontown.coghq import CashbotCogHQLoader
  File "toontown\coghq\CashbotCogHQLoader.py", line 3, in <module>
    import CogHQLoader, MintInterior
  File "toontown\coghq\MintInterior.py", line 14, in <module>
    from toontown.coghq import DistributedMint
  File "toontown\coghq\DistributedMint.py", line 9, in <module>
    from toontown.coghq import DistributedMintRoom, MintLayout, MintRoom
  File "toontown\coghq\DistributedMintRoom.py", line 8, in <module>
    import MintRoomBase, MintRoom
  File "toontown\coghq\MintRoom.py", line 5, in <module>
    from toontown.coghq import MintRoomSpecs
  File "toontown\coghq\MintRoomSpecs.py", line 65, in <module>
    if not isClient():
NameError: name 'isClient' is not defined
